{"C:\\Users\\DLLM\\Documents\\testCompleto\\react-native-criando-testes-para-sua-aplicacao\\App.js": {"path":"C:\\Users\\DLLM\\Documents\\testCompleto\\react-native-criando-testes-para-sua-aplicacao\\App.js","statementMap":{"0":{"start":{"line":8,"column":2},"end":{"line":18,"column":4}},"1":{"start":{"line":21,"column":16},"end":{"line":28,"column":2}}},"fnMap":{"0":{"name":"App","decl":{"start":{"line":7,"column":24},"end":{"line":7,"column":27}},"loc":{"start":{"line":7,"column":30},"end":{"line":19,"column":1}},"line":7}},"branchMap":{"0":{"loc":{"start":{"line":13,"column":32},"end":{"line":13,"column":62}},"type":"cond-expr","locations":[{"start":{"line":13,"column":56},"end":{"line":13,"column":57}},{"start":{"line":13,"column":60},"end":{"line":13,"column":62}}],"line":13},"1":{"loc":{"start":{"line":14,"column":18},"end":{"line":14,"column":62}},"type":"cond-expr","locations":[{"start":{"line":14,"column":42},"end":{"line":14,"column":51}},{"start":{"line":14,"column":54},"end":{"line":14,"column":62}}],"line":14}},"s":{"0":1,"1":1},"f":{"0":1},"b":{"0":[1,0],"1":[1,0]},"_coverageSchema":"1a1c01bbd47fc00a2c39e90264f33305004495a9","hash":"5b2b209ec338d1fe6c4e75d6086f780a68e65b9e"}
,"C:\\Users\\DLLM\\Documents\\testCompleto\\react-native-criando-testes-para-sua-aplicacao\\src\\componentes\\Cartao.js": {"path":"C:\\Users\\DLLM\\Documents\\testCompleto\\react-native-criando-testes-para-sua-aplicacao\\src\\componentes\\Cartao.js","statementMap":{"0":{"start":{"line":6,"column":2},"end":{"line":8,"column":15}},"1":{"start":{"line":11,"column":16},"end":{"line":27,"column":2}}},"fnMap":{"0":{"name":"Cartao","decl":{"start":{"line":5,"column":24},"end":{"line":5,"column":30}},"loc":{"start":{"line":5,"column":81},"end":{"line":9,"column":1}},"line":5}},"branchMap":{"0":{"loc":{"start":{"line":5,"column":50},"end":{"line":5,"column":67}},"type":"default-arg","locations":[{"start":{"line":5,"column":63},"end":{"line":5,"column":67}}],"line":5}},"s":{"0":3,"1":7},"f":{"0":3},"b":{"0":[1]},"_coverageSchema":"1a1c01bbd47fc00a2c39e90264f33305004495a9","hash":"a901e75337ed81ffabf8d3bb83c8b71a3738b963"}
,"C:\\Users\\DLLM\\Documents\\testCompleto\\react-native-criando-testes-para-sua-aplicacao\\src\\componentes\\Icone.js": {"path":"C:\\Users\\DLLM\\Documents\\testCompleto\\react-native-criando-testes-para-sua-aplicacao\\src\\componentes\\Icone.js","statementMap":{"0":{"start":{"line":7,"column":18},"end":{"line":7,"column":36}},"1":{"start":{"line":9,"column":2},"end":{"line":11,"column":9}},"2":{"start":{"line":14,"column":22},"end":{"line":21,"column":2}},"3":{"start":{"line":14,"column":31},"end":{"line":21,"column":2}}},"fnMap":{"0":{"name":"Icone","decl":{"start":{"line":6,"column":24},"end":{"line":6,"column":29}},"loc":{"start":{"line":6,"column":52},"end":{"line":12,"column":1}},"line":6},"1":{"name":"(anonymous_1)","decl":{"start":{"line":14,"column":22},"end":{"line":14,"column":23}},"loc":{"start":{"line":14,"column":31},"end":{"line":21,"column":2}},"line":14}},"branchMap":{"0":{"loc":{"start":{"line":10,"column":24},"end":{"line":10,"column":42}},"type":"binary-expr","locations":[{"start":{"line":10,"column":24},"end":{"line":10,"column":28}},{"start":{"line":10,"column":32},"end":{"line":10,"column":42}}],"line":10},"1":{"loc":{"start":{"line":16,"column":21},"end":{"line":16,"column":37}},"type":"binary-expr","locations":[{"start":{"line":16,"column":21},"end":{"line":16,"column":24}},{"start":{"line":16,"column":28},"end":{"line":16,"column":37}}],"line":16}},"s":{"0":3,"1":3,"2":7,"3":3},"f":{"0":3,"1":3},"b":{"0":[3,3],"1":[3,3]},"_coverageSchema":"1a1c01bbd47fc00a2c39e90264f33305004495a9","hash":"e2458f0f3856661aa7d2713010f8ddc2a68cb972"}
,"C:\\Users\\DLLM\\Documents\\testCompleto\\react-native-criando-testes-para-sua-aplicacao\\src\\hooks\\useLeilao.js": {"path":"C:\\Users\\DLLM\\Documents\\testCompleto\\react-native-criando-testes-para-sua-aplicacao\\src\\hooks\\useLeilao.js","statementMap":{"0":{"start":{"line":9,"column":30},"end":{"line":9,"column":42}},"1":{"start":{"line":11,"column":25},"end":{"line":15,"column":3}},"2":{"start":{"line":12,"column":29},"end":{"line":12,"column":50}},"3":{"start":{"line":13,"column":30},"end":{"line":13,"column":59}},"4":{"start":{"line":14,"column":4},"end":{"line":14,"column":66}},"5":{"start":{"line":17,"column":21},"end":{"line":41,"column":3}},"6":{"start":{"line":18,"column":31},"end":{"line":18,"column":66}},"7":{"start":{"line":19,"column":4},"end":{"line":21,"column":5}},"8":{"start":{"line":20,"column":6},"end":{"line":20,"column":32}},"9":{"start":{"line":23,"column":26},"end":{"line":23,"column":61}},"10":{"start":{"line":24,"column":24},"end":{"line":24,"column":58}},"11":{"start":{"line":25,"column":4},"end":{"line":27,"column":5}},"12":{"start":{"line":26,"column":6},"end":{"line":26,"column":25}},"13":{"start":{"line":29,"column":27},"end":{"line":32,"column":5}},"14":{"start":{"line":34,"column":23},"end":{"line":34,"column":58}},"15":{"start":{"line":35,"column":4},"end":{"line":38,"column":5}},"16":{"start":{"line":36,"column":6},"end":{"line":36,"column":29}},"17":{"start":{"line":37,"column":6},"end":{"line":37,"column":21}},"18":{"start":{"line":40,"column":4},"end":{"line":40,"column":23}},"19":{"start":{"line":43,"column":2},"end":{"line":45,"column":9}},"20":{"start":{"line":44,"column":4},"end":{"line":44,"column":21}},"21":{"start":{"line":47,"column":2},"end":{"line":47,"column":48}}},"fnMap":{"0":{"name":"useLeilao","decl":{"start":{"line":8,"column":24},"end":{"line":8,"column":33}},"loc":{"start":{"line":8,"column":38},"end":{"line":48,"column":1}},"line":8},"1":{"name":"(anonymous_1)","decl":{"start":{"line":11,"column":25},"end":{"line":11,"column":26}},"loc":{"start":{"line":11,"column":37},"end":{"line":15,"column":3}},"line":11},"2":{"name":"(anonymous_2)","decl":{"start":{"line":17,"column":21},"end":{"line":17,"column":22}},"loc":{"start":{"line":17,"column":38},"end":{"line":41,"column":3}},"line":17},"3":{"name":"(anonymous_3)","decl":{"start":{"line":43,"column":12},"end":{"line":43,"column":13}},"loc":{"start":{"line":43,"column":18},"end":{"line":45,"column":3}},"line":43}},"branchMap":{"0":{"loc":{"start":{"line":19,"column":4},"end":{"line":21,"column":5}},"type":"if","locations":[{"start":{"line":19,"column":4},"end":{"line":21,"column":5}},{"start":{},"end":{}}],"line":19},"1":{"loc":{"start":{"line":25,"column":4},"end":{"line":27,"column":5}},"type":"if","locations":[{"start":{"line":25,"column":4},"end":{"line":27,"column":5}},{"start":{},"end":{}}],"line":25},"2":{"loc":{"start":{"line":35,"column":4},"end":{"line":38,"column":5}},"type":"if","locations":[{"start":{"line":35,"column":4},"end":{"line":38,"column":5}},{"start":{},"end":{}}],"line":35}},"s":{"0":14,"1":14,"2":8,"3":8,"4":8,"5":14,"6":4,"7":4,"8":1,"9":3,"10":3,"11":3,"12":1,"13":2,"14":2,"15":2,"16":1,"17":1,"18":1,"19":14,"20":6,"21":14},"f":{"0":14,"1":8,"2":4,"3":6},"b":{"0":[1,3],"1":[1,2],"2":[1,1]},"_coverageSchema":"1a1c01bbd47fc00a2c39e90264f33305004495a9","hash":"b4c7271b75b634e445258c23a5490a42ebbb1f61"}
,"C:\\Users\\DLLM\\Documents\\testCompleto\\react-native-criando-testes-para-sua-aplicacao\\src\\hooks\\useListaLeiloes.js": {"path":"C:\\Users\\DLLM\\Documents\\testCompleto\\react-native-criando-testes-para-sua-aplicacao\\src\\hooks\\useListaLeiloes.js","statementMap":{"0":{"start":{"line":5,"column":32},"end":{"line":5,"column":44}},"1":{"start":{"line":7,"column":26},"end":{"line":10,"column":3}},"2":{"start":{"line":8,"column":31},"end":{"line":8,"column":51}},"3":{"start":{"line":9,"column":4},"end":{"line":9,"column":35}},"4":{"start":{"line":12,"column":2},"end":{"line":14,"column":9}},"5":{"start":{"line":13,"column":4},"end":{"line":13,"column":22}},"6":{"start":{"line":16,"column":2},"end":{"line":16,"column":38}}},"fnMap":{"0":{"name":"useListaLeiloes","decl":{"start":{"line":4,"column":24},"end":{"line":4,"column":39}},"loc":{"start":{"line":4,"column":42},"end":{"line":17,"column":1}},"line":4},"1":{"name":"(anonymous_1)","decl":{"start":{"line":7,"column":26},"end":{"line":7,"column":27}},"loc":{"start":{"line":7,"column":38},"end":{"line":10,"column":3}},"line":7},"2":{"name":"(anonymous_2)","decl":{"start":{"line":12,"column":12},"end":{"line":12,"column":13}},"loc":{"start":{"line":12,"column":18},"end":{"line":14,"column":3}},"line":12}},"branchMap":{},"s":{"0":3,"1":3,"2":2,"3":2,"4":3,"5":1,"6":3},"f":{"0":3,"1":2,"2":1},"b":{},"_coverageSchema":"1a1c01bbd47fc00a2c39e90264f33305004495a9","hash":"6c350ff0e0438359e9199c4351b196bdcd0fab00"}
,"C:\\Users\\DLLM\\Documents\\testCompleto\\react-native-criando-testes-para-sua-aplicacao\\src\\negocio\\constantes\\estadosLance.js": {"path":"C:\\Users\\DLLM\\Documents\\testCompleto\\react-native-criando-testes-para-sua-aplicacao\\src\\negocio\\constantes\\estadosLance.js","statementMap":{"0":{"start":{"line":1,"column":24},"end":{"line":1,"column":84}},"1":{"start":{"line":2,"column":41},"end":{"line":2,"column":85}},"2":{"start":{"line":3,"column":39},"end":{"line":3,"column":72}},"3":{"start":{"line":4,"column":22},"end":{"line":4,"column":36}},"4":{"start":{"line":5,"column":27},"end":{"line":5,"column":63}},"5":{"start":{"line":6,"column":23},"end":{"line":6,"column":50}}},"fnMap":{},"branchMap":{},"s":{"0":6,"1":6,"2":6,"3":6,"4":6,"5":6},"f":{},"b":{},"_coverageSchema":"1a1c01bbd47fc00a2c39e90264f33305004495a9","hash":"7cba8565757c41c5274df7c96435e9cdcf92a2b0"}
,"C:\\Users\\DLLM\\Documents\\testCompleto\\react-native-criando-testes-para-sua-aplicacao\\src\\negocio\\formatadores\\lance.js": {"path":"C:\\Users\\DLLM\\Documents\\testCompleto\\react-native-criando-testes-para-sua-aplicacao\\src\\negocio\\formatadores\\lance.js","statementMap":{"0":{"start":{"line":2,"column":21},"end":{"line":5,"column":3}},"1":{"start":{"line":3,"column":22},"end":{"line":3,"column":63}},"2":{"start":{"line":6,"column":2},"end":{"line":6,"column":20}}},"fnMap":{"0":{"name":"formataMaiorLanceDoLeilao","decl":{"start":{"line":1,"column":16},"end":{"line":1,"column":41}},"loc":{"start":{"line":1,"column":64},"end":{"line":7,"column":1}},"line":1},"1":{"name":"(anonymous_1)","decl":{"start":{"line":3,"column":4},"end":{"line":3,"column":5}},"loc":{"start":{"line":3,"column":22},"end":{"line":3,"column":63}},"line":3}},"branchMap":{"0":{"loc":{"start":{"line":3,"column":22},"end":{"line":3,"column":63}},"type":"cond-expr","locations":[{"start":{"line":3,"column":44},"end":{"line":3,"column":55}},{"start":{"line":3,"column":58},"end":{"line":3,"column":63}}],"line":3}},"s":{"0":3,"1":4,"2":3},"f":{"0":3,"1":4},"b":{"0":[3,1]},"_coverageSchema":"1a1c01bbd47fc00a2c39e90264f33305004495a9","hash":"ef4d523e4dca5cd7becda1b365a67d300812f1ff"}
,"C:\\Users\\DLLM\\Documents\\testCompleto\\react-native-criando-testes-para-sua-aplicacao\\src\\negocio\\formatadores\\moeda.js": {"path":"C:\\Users\\DLLM\\Documents\\testCompleto\\react-native-criando-testes-para-sua-aplicacao\\src\\negocio\\formatadores\\moeda.js","statementMap":{"0":{"start":{"line":2,"column":2},"end":{"line":5,"column":19}},"1":{"start":{"line":9,"column":28},"end":{"line":9,"column":68}},"2":{"start":{"line":10,"column":2},"end":{"line":10,"column":39}}},"fnMap":{"0":{"name":"formataDecimalParaReal","decl":{"start":{"line":1,"column":16},"end":{"line":1,"column":38}},"loc":{"start":{"line":1,"column":46},"end":{"line":6,"column":1}},"line":1},"1":{"name":"formataBrasileiroParaDecimal","decl":{"start":{"line":8,"column":16},"end":{"line":8,"column":44}},"loc":{"start":{"line":8,"column":52},"end":{"line":11,"column":1}},"line":8}},"branchMap":{},"s":{"0":1,"1":4,"2":4},"f":{"0":1,"1":4},"b":{},"_coverageSchema":"1a1c01bbd47fc00a2c39e90264f33305004495a9","hash":"7c5b1ec316639ee55fc1294a909ccf286fd6716d"}
,"C:\\Users\\DLLM\\Documents\\testCompleto\\react-native-criando-testes-para-sua-aplicacao\\src\\negocio\\validadores\\lance.js": {"path":"C:\\Users\\DLLM\\Documents\\testCompleto\\react-native-criando-testes-para-sua-aplicacao\\src\\negocio\\validadores\\lance.js","statementMap":{"0":{"start":{"line":9,"column":2},"end":{"line":11,"column":3}},"1":{"start":{"line":10,"column":4},"end":{"line":10,"column":18}},"2":{"start":{"line":13,"column":2},"end":{"line":13,"column":18}},"3":{"start":{"line":17,"column":37},"end":{"line":17,"column":90}},"4":{"start":{"line":18,"column":30},"end":{"line":18,"column":70}},"5":{"start":{"line":20,"column":2},"end":{"line":22,"column":3}},"6":{"start":{"line":21,"column":4},"end":{"line":21,"column":31}},"7":{"start":{"line":24,"column":2},"end":{"line":26,"column":3}},"8":{"start":{"line":25,"column":4},"end":{"line":25,"column":38}},"9":{"start":{"line":28,"column":2},"end":{"line":28,"column":29}},"10":{"start":{"line":32,"column":2},"end":{"line":34,"column":3}},"11":{"start":{"line":33,"column":4},"end":{"line":33,"column":18}},"12":{"start":{"line":36,"column":2},"end":{"line":36,"column":33}},"13":{"start":{"line":40,"column":29},"end":{"line":40,"column":71}},"14":{"start":{"line":40,"column":50},"end":{"line":40,"column":70}},"15":{"start":{"line":41,"column":2},"end":{"line":43,"column":3}},"16":{"start":{"line":42,"column":4},"end":{"line":42,"column":18}},"17":{"start":{"line":45,"column":2},"end":{"line":45,"column":35}}},"fnMap":{"0":{"name":"validaFormatoNumericoDoLance","decl":{"start":{"line":8,"column":16},"end":{"line":8,"column":44}},"loc":{"start":{"line":8,"column":59},"end":{"line":14,"column":1}},"line":8},"1":{"name":"validaLance","decl":{"start":{"line":16,"column":16},"end":{"line":16,"column":27}},"loc":{"start":{"line":16,"column":61},"end":{"line":29,"column":1}},"line":16},"2":{"name":"validaLanceMaiorOuIgualAoInicial","decl":{"start":{"line":31,"column":9},"end":{"line":31,"column":41}},"loc":{"start":{"line":31,"column":63},"end":{"line":37,"column":1}},"line":31},"3":{"name":"validaLanceMaiorQueLances","decl":{"start":{"line":39,"column":9},"end":{"line":39,"column":34}},"loc":{"start":{"line":39,"column":50},"end":{"line":46,"column":1}},"line":39},"4":{"name":"(anonymous_4)","decl":{"start":{"line":40,"column":41},"end":{"line":40,"column":42}},"loc":{"start":{"line":40,"column":50},"end":{"line":40,"column":70}},"line":40}},"branchMap":{"0":{"loc":{"start":{"line":9,"column":2},"end":{"line":11,"column":3}},"type":"if","locations":[{"start":{"line":9,"column":2},"end":{"line":11,"column":3}},{"start":{},"end":{}}],"line":9},"1":{"loc":{"start":{"line":20,"column":2},"end":{"line":22,"column":3}},"type":"if","locations":[{"start":{"line":20,"column":2},"end":{"line":22,"column":3}},{"start":{},"end":{}}],"line":20},"2":{"loc":{"start":{"line":24,"column":2},"end":{"line":26,"column":3}},"type":"if","locations":[{"start":{"line":24,"column":2},"end":{"line":26,"column":3}},{"start":{},"end":{}}],"line":24},"3":{"loc":{"start":{"line":32,"column":2},"end":{"line":34,"column":3}},"type":"if","locations":[{"start":{"line":32,"column":2},"end":{"line":34,"column":3}},{"start":{},"end":{}}],"line":32},"4":{"loc":{"start":{"line":41,"column":2},"end":{"line":43,"column":3}},"type":"if","locations":[{"start":{"line":41,"column":2},"end":{"line":43,"column":3}},{"start":{},"end":{}}],"line":41}},"s":{"0":8,"1":5,"2":3,"3":9,"4":9,"5":9,"6":3,"7":6,"8":1,"9":5,"10":9,"11":8,"12":1,"13":9,"14":9,"15":9,"16":6,"17":3},"f":{"0":8,"1":9,"2":9,"3":9,"4":9},"b":{"0":[5,3],"1":[3,6],"2":[1,5],"3":[8,1],"4":[6,3]},"_coverageSchema":"1a1c01bbd47fc00a2c39e90264f33305004495a9","hash":"4cad75f3ad0e6c0c53d0832788a3c68d62ed3982"}
,"C:\\Users\\DLLM\\Documents\\testCompleto\\react-native-criando-testes-para-sua-aplicacao\\src\\repositorio\\lance.js": {"path":"C:\\Users\\DLLM\\Documents\\testCompleto\\react-native-criando-testes-para-sua-aplicacao\\src\\repositorio\\lance.js","statementMap":{"0":{"start":{"line":4,"column":2},"end":{"line":9,"column":3}},"1":{"start":{"line":5,"column":21},"end":{"line":5,"column":91}},"2":{"start":{"line":6,"column":4},"end":{"line":6,"column":25}},"3":{"start":{"line":8,"column":4},"end":{"line":8,"column":14}},"4":{"start":{"line":13,"column":2},"end":{"line":18,"column":3}},"5":{"start":{"line":14,"column":4},"end":{"line":14,"column":44}},"6":{"start":{"line":15,"column":4},"end":{"line":15,"column":16}},"7":{"start":{"line":17,"column":4},"end":{"line":17,"column":17}}},"fnMap":{"0":{"name":"obtemLancesDoLeilao","decl":{"start":{"line":3,"column":22},"end":{"line":3,"column":41}},"loc":{"start":{"line":3,"column":46},"end":{"line":10,"column":1}},"line":3},"1":{"name":"adicionaLance","decl":{"start":{"line":12,"column":22},"end":{"line":12,"column":35}},"loc":{"start":{"line":12,"column":43},"end":{"line":19,"column":1}},"line":12}},"branchMap":{},"s":{"0":2,"1":2,"2":1,"3":1,"4":2,"5":2,"6":1,"7":1},"f":{"0":2,"1":2},"b":{},"_coverageSchema":"1a1c01bbd47fc00a2c39e90264f33305004495a9","hash":"38c0cbe4b48c649c33f722e5210b3c9e22202d67"}
,"C:\\Users\\DLLM\\Documents\\testCompleto\\react-native-criando-testes-para-sua-aplicacao\\src\\repositorio\\leilao.js": {"path":"C:\\Users\\DLLM\\Documents\\testCompleto\\react-native-criando-testes-para-sua-aplicacao\\src\\repositorio\\leilao.js","statementMap":{"0":{"start":{"line":4,"column":2},"end":{"line":9,"column":3}},"1":{"start":{"line":5,"column":21},"end":{"line":5,"column":53}},"2":{"start":{"line":6,"column":4},"end":{"line":6,"column":25}},"3":{"start":{"line":8,"column":4},"end":{"line":8,"column":14}},"4":{"start":{"line":13,"column":2},"end":{"line":18,"column":3}},"5":{"start":{"line":14,"column":21},"end":{"line":14,"column":59}},"6":{"start":{"line":15,"column":4},"end":{"line":15,"column":25}},"7":{"start":{"line":17,"column":4},"end":{"line":17,"column":14}}},"fnMap":{"0":{"name":"obtemLeiloes","decl":{"start":{"line":3,"column":22},"end":{"line":3,"column":34}},"loc":{"start":{"line":3,"column":37},"end":{"line":10,"column":1}},"line":3},"1":{"name":"obtemLeilao","decl":{"start":{"line":12,"column":22},"end":{"line":12,"column":33}},"loc":{"start":{"line":12,"column":38},"end":{"line":19,"column":1}},"line":12}},"branchMap":{},"s":{"0":2,"1":2,"2":1,"3":1,"4":2,"5":2,"6":1,"7":1},"f":{"0":2,"1":2},"b":{},"_coverageSchema":"1a1c01bbd47fc00a2c39e90264f33305004495a9","hash":"3c37f6e5204196aff6442cbc885579fc5f6b1625"}
,"C:\\Users\\DLLM\\Documents\\testCompleto\\react-native-criando-testes-para-sua-aplicacao\\src\\rotas\\AppRotas.js": {"path":"C:\\Users\\DLLM\\Documents\\testCompleto\\react-native-criando-testes-para-sua-aplicacao\\src\\rotas\\AppRotas.js","statementMap":{"0":{"start":{"line":8,"column":14},"end":{"line":8,"column":42}},"1":{"start":{"line":11,"column":2},"end":{"line":27,"column":4}}},"fnMap":{"0":{"name":"AppRotas","decl":{"start":{"line":10,"column":24},"end":{"line":10,"column":32}},"loc":{"start":{"line":10,"column":35},"end":{"line":28,"column":1}},"line":10}},"branchMap":{},"s":{"0":2,"1":1},"f":{"0":1},"b":{},"_coverageSchema":"1a1c01bbd47fc00a2c39e90264f33305004495a9","hash":"224edef5f2b2aa528e9854bf78379ff5c58e19cf"}
,"C:\\Users\\DLLM\\Documents\\testCompleto\\react-native-criando-testes-para-sua-aplicacao\\src\\servicos\\apiLeiloes.js": {"path":"C:\\Users\\DLLM\\Documents\\testCompleto\\react-native-criando-testes-para-sua-aplicacao\\src\\servicos\\apiLeiloes.js","statementMap":{"0":{"start":{"line":4,"column":17},"end":{"line":7,"column":2}}},"fnMap":{},"branchMap":{},"s":{"0":8},"f":{},"b":{},"_coverageSchema":"1a1c01bbd47fc00a2c39e90264f33305004495a9","hash":"c6b9ddb57694e0f337ab99dad185e81ea9e92d67"}
,"C:\\Users\\DLLM\\Documents\\testCompleto\\react-native-criando-testes-para-sua-aplicacao\\src\\telas\\Leilao\\index.js": {"path":"C:\\Users\\DLLM\\Documents\\testCompleto\\react-native-criando-testes-para-sua-aplicacao\\src\\telas\\Leilao\\index.js","statementMap":{"0":{"start":{"line":11,"column":16},"end":{"line":11,"column":26}},"1":{"start":{"line":12,"column":38},"end":{"line":12,"column":53}},"2":{"start":{"line":14,"column":13},"end":{"line":14,"column":28}},"3":{"start":{"line":15,"column":46},"end":{"line":15,"column":59}},"4":{"start":{"line":17,"column":20},"end":{"line":23,"column":3}},"5":{"start":{"line":18,"column":24},"end":{"line":18,"column":47}},"6":{"start":{"line":19,"column":4},"end":{"line":20,"column":29}},"7":{"start":{"line":20,"column":6},"end":{"line":20,"column":29}},"8":{"start":{"line":22,"column":4},"end":{"line":22,"column":23}},"9":{"start":{"line":25,"column":25},"end":{"line":29,"column":3}},"10":{"start":{"line":26,"column":4},"end":{"line":26,"column":24}},"11":{"start":{"line":27,"column":4},"end":{"line":27,"column":24}},"12":{"start":{"line":28,"column":4},"end":{"line":28,"column":25}},"13":{"start":{"line":31,"column":2},"end":{"line":33,"column":3}},"14":{"start":{"line":32,"column":4},"end":{"line":32,"column":19}},"15":{"start":{"line":35,"column":2},"end":{"line":47,"column":5}},"16":{"start":{"line":38,"column":32},"end":{"line":38,"column":41}},"17":{"start":{"line":39,"column":32},"end":{"line":39,"column":68}},"18":{"start":{"line":40,"column":33},"end":{"line":40,"column":53}},"19":{"start":{"line":50,"column":16},"end":{"line":56,"column":2}}},"fnMap":{"0":{"name":"Leilao","decl":{"start":{"line":10,"column":24},"end":{"line":10,"column":30}},"loc":{"start":{"line":10,"column":33},"end":{"line":48,"column":1}},"line":10},"1":{"name":"(anonymous_1)","decl":{"start":{"line":17,"column":20},"end":{"line":17,"column":21}},"loc":{"start":{"line":17,"column":37},"end":{"line":23,"column":3}},"line":17},"2":{"name":"(anonymous_2)","decl":{"start":{"line":25,"column":25},"end":{"line":25,"column":26}},"loc":{"start":{"line":25,"column":37},"end":{"line":29,"column":3}},"line":25},"3":{"name":"(anonymous_3)","decl":{"start":{"line":38,"column":20},"end":{"line":38,"column":21}},"loc":{"start":{"line":38,"column":32},"end":{"line":38,"column":41}},"line":38},"4":{"name":"(anonymous_4)","decl":{"start":{"line":39,"column":18},"end":{"line":39,"column":19}},"loc":{"start":{"line":39,"column":32},"end":{"line":39,"column":68}},"line":39},"5":{"name":"(anonymous_5)","decl":{"start":{"line":40,"column":27},"end":{"line":40,"column":28}},"loc":{"start":{"line":40,"column":33},"end":{"line":40,"column":53}},"line":40}},"branchMap":{"0":{"loc":{"start":{"line":19,"column":4},"end":{"line":20,"column":29}},"type":"if","locations":[{"start":{"line":19,"column":4},"end":{"line":20,"column":29}},{"start":{},"end":{}}],"line":19},"1":{"loc":{"start":{"line":31,"column":2},"end":{"line":33,"column":3}},"type":"if","locations":[{"start":{"line":31,"column":2},"end":{"line":33,"column":3}},{"start":{},"end":{}}],"line":31}},"s":{"0":9,"1":9,"2":8,"3":8,"4":8,"5":1,"6":1,"7":1,"8":1,"9":8,"10":2,"11":2,"12":2,"13":8,"14":1,"15":7,"16":14,"17":14,"18":7,"19":3},"f":{"0":9,"1":1,"2":2,"3":14,"4":14,"5":7},"b":{"0":[1,0],"1":[1,7]},"_coverageSchema":"1a1c01bbd47fc00a2c39e90264f33305004495a9","hash":"ab0eb42726423afd56d0c3c1fdddd18e33e6b9b8"}
,"C:\\Users\\DLLM\\Documents\\testCompleto\\react-native-criando-testes-para-sua-aplicacao\\src\\telas\\Leilao\\componentes\\EnviaLance.js": {"path":"C:\\Users\\DLLM\\Documents\\testCompleto\\react-native-criando-testes-para-sua-aplicacao\\src\\telas\\Leilao\\componentes\\EnviaLance.js","statementMap":{"0":{"start":{"line":8,"column":28},"end":{"line":8,"column":40}},"1":{"start":{"line":9,"column":26},"end":{"line":9,"column":38}},"2":{"start":{"line":10,"column":32},"end":{"line":10,"column":44}},"3":{"start":{"line":11,"column":34},"end":{"line":11,"column":49}},"4":{"start":{"line":13,"column":18},"end":{"line":13,"column":42}},"5":{"start":{"line":15,"column":22},"end":{"line":30,"column":3}},"6":{"start":{"line":16,"column":4},"end":{"line":16,"column":22}},"7":{"start":{"line":17,"column":4},"end":{"line":17,"column":16}},"8":{"start":{"line":18,"column":4},"end":{"line":18,"column":19}},"9":{"start":{"line":20,"column":24},"end":{"line":20,"column":47}},"10":{"start":{"line":22,"column":4},"end":{"line":27,"column":5}},"11":{"start":{"line":23,"column":6},"end":{"line":23,"column":19}},"12":{"start":{"line":24,"column":6},"end":{"line":24,"column":30}},"13":{"start":{"line":26,"column":6},"end":{"line":26,"column":27}},"14":{"start":{"line":29,"column":4},"end":{"line":29,"column":23}},"15":{"start":{"line":32,"column":2},"end":{"line":50,"column":13}},"16":{"start":{"line":53,"column":22},"end":{"line":102,"column":2}},"17":{"start":{"line":53,"column":37},"end":{"line":102,"column":2}}},"fnMap":{"0":{"name":"EnviaLance","decl":{"start":{"line":7,"column":24},"end":{"line":7,"column":34}},"loc":{"start":{"line":7,"column":56},"end":{"line":51,"column":1}},"line":7},"1":{"name":"(anonymous_1)","decl":{"start":{"line":15,"column":22},"end":{"line":15,"column":23}},"loc":{"start":{"line":15,"column":34},"end":{"line":30,"column":3}},"line":15},"2":{"name":"(anonymous_2)","decl":{"start":{"line":53,"column":22},"end":{"line":53,"column":23}},"loc":{"start":{"line":53,"column":37},"end":{"line":102,"column":2}},"line":53}},"branchMap":{"0":{"loc":{"start":{"line":22,"column":4},"end":{"line":27,"column":5}},"type":"if","locations":[{"start":{"line":22,"column":4},"end":{"line":27,"column":5}},{"start":{"line":25,"column":11},"end":{"line":27,"column":5}}],"line":22},"1":{"loc":{"start":{"line":32,"column":30},"end":{"line":32,"column":62}},"type":"cond-expr","locations":[{"start":{"line":32,"column":54},"end":{"line":32,"column":56}},{"start":{"line":32,"column":59},"end":{"line":32,"column":62}}],"line":32},"2":{"loc":{"start":{"line":33,"column":5},"end":{"line":33,"column":55}},"type":"binary-expr","locations":[{"start":{"line":33,"column":5},"end":{"line":33,"column":11}},{"start":{"line":33,"column":15},"end":{"line":33,"column":55}}],"line":33},"3":{"loc":{"start":{"line":34,"column":5},"end":{"line":34,"column":64}},"type":"binary-expr","locations":[{"start":{"line":34,"column":5},"end":{"line":34,"column":14}},{"start":{"line":34,"column":18},"end":{"line":34,"column":64}}],"line":34},"4":{"loc":{"start":{"line":85,"column":17},"end":{"line":85,"column":45}},"type":"cond-expr","locations":[{"start":{"line":85,"column":24},"end":{"line":85,"column":33}},{"start":{"line":85,"column":36},"end":{"line":85,"column":45}}],"line":85},"5":{"loc":{"start":{"line":86,"column":11},"end":{"line":86,"column":39}},"type":"cond-expr","locations":[{"start":{"line":86,"column":18},"end":{"line":86,"column":27}},{"start":{"line":86,"column":30},"end":{"line":86,"column":39}}],"line":86}},"s":{"0":11,"1":11,"2":11,"3":11,"4":11,"5":11,"6":2,"7":2,"8":2,"9":2,"10":2,"11":1,"12":1,"13":1,"14":2,"15":11,"16":4,"17":11},"f":{"0":11,"1":2,"2":11},"b":{"0":[1,1],"1":[11,0],"2":[11,2],"3":[11,2],"4":[2,9],"5":[2,9]},"_coverageSchema":"1a1c01bbd47fc00a2c39e90264f33305004495a9","hash":"0adf6ef3df35aff4fc60edd2098dc71566503522"}
,"C:\\Users\\DLLM\\Documents\\testCompleto\\react-native-criando-testes-para-sua-aplicacao\\src\\telas\\Leilao\\componentes\\Lance.js": {"path":"C:\\Users\\DLLM\\Documents\\testCompleto\\react-native-criando-testes-para-sua-aplicacao\\src\\telas\\Leilao\\componentes\\Lance.js","statementMap":{"0":{"start":{"line":10,"column":2},"end":{"line":16,"column":11}},"1":{"start":{"line":20,"column":16},"end":{"line":45,"column":2}}},"fnMap":{"0":{"name":"Lance","decl":{"start":{"line":9,"column":24},"end":{"line":9,"column":29}},"loc":{"start":{"line":9,"column":50},"end":{"line":18,"column":1}},"line":9}},"branchMap":{},"s":{"0":1,"1":4},"f":{"0":1},"b":{},"_coverageSchema":"1a1c01bbd47fc00a2c39e90264f33305004495a9","hash":"aad6c3f71b2066426b02b77d50fe1102261324dc"}
,"C:\\Users\\DLLM\\Documents\\testCompleto\\react-native-criando-testes-para-sua-aplicacao\\src\\telas\\Leilao\\componentes\\Topo.js": {"path":"C:\\Users\\DLLM\\Documents\\testCompleto\\react-native-criando-testes-para-sua-aplicacao\\src\\telas\\Leilao\\componentes\\Topo.js","statementMap":{"0":{"start":{"line":10,"column":21},"end":{"line":10,"column":68}},"1":{"start":{"line":12,"column":2},"end":{"line":29,"column":5}},"2":{"start":{"line":32,"column":16},"end":{"line":86,"column":2}}},"fnMap":{"0":{"name":"Topo","decl":{"start":{"line":9,"column":24},"end":{"line":9,"column":28}},"loc":{"start":{"line":9,"column":84},"end":{"line":30,"column":1}},"line":9}},"branchMap":{},"s":{"0":1,"1":1,"2":4},"f":{"0":1},"b":{},"_coverageSchema":"1a1c01bbd47fc00a2c39e90264f33305004495a9","hash":"f1e26f1dc54e562be8d57925d0ea7d86114cc6d5"}
,"C:\\Users\\DLLM\\Documents\\testCompleto\\react-native-criando-testes-para-sua-aplicacao\\src\\telas\\ListaLeiloes\\index.js": {"path":"C:\\Users\\DLLM\\Documents\\testCompleto\\react-native-criando-testes-para-sua-aplicacao\\src\\telas\\ListaLeiloes\\index.js","statementMap":{"0":{"start":{"line":8,"column":34},"end":{"line":8,"column":51}},"1":{"start":{"line":9,"column":38},"end":{"line":9,"column":53}},"2":{"start":{"line":11,"column":24},"end":{"line":15,"column":3}},"3":{"start":{"line":12,"column":4},"end":{"line":12,"column":24}},"4":{"start":{"line":13,"column":4},"end":{"line":13,"column":25}},"5":{"start":{"line":14,"column":4},"end":{"line":14,"column":25}},"6":{"start":{"line":17,"column":2},"end":{"line":27,"column":4}},"7":{"start":{"line":20,"column":28},"end":{"line":20,"column":46}},"8":{"start":{"line":21,"column":32},"end":{"line":21,"column":52}},"9":{"start":{"line":30,"column":16},"end":{"line":34,"column":2}}},"fnMap":{"0":{"name":"ListaLeiloes","decl":{"start":{"line":7,"column":24},"end":{"line":7,"column":36}},"loc":{"start":{"line":7,"column":39},"end":{"line":28,"column":1}},"line":7},"1":{"name":"(anonymous_1)","decl":{"start":{"line":11,"column":24},"end":{"line":11,"column":25}},"loc":{"start":{"line":11,"column":36},"end":{"line":15,"column":3}},"line":11},"2":{"name":"(anonymous_2)","decl":{"start":{"line":20,"column":20},"end":{"line":20,"column":21}},"loc":{"start":{"line":20,"column":28},"end":{"line":20,"column":46}},"line":20},"3":{"name":"(anonymous_3)","decl":{"start":{"line":21,"column":18},"end":{"line":21,"column":19}},"loc":{"start":{"line":21,"column":32},"end":{"line":21,"column":52}},"line":21}},"branchMap":{},"s":{"0":5,"1":5,"2":4,"3":1,"4":1,"5":1,"6":4,"7":8,"8":8,"9":3},"f":{"0":5,"1":1,"2":8,"3":8},"b":{},"_coverageSchema":"1a1c01bbd47fc00a2c39e90264f33305004495a9","hash":"f3140d170546587e044a91110ab64aa092779f00"}
,"C:\\Users\\DLLM\\Documents\\testCompleto\\react-native-criando-testes-para-sua-aplicacao\\src\\telas\\ListaLeiloes\\componentes\\Leilao.js": {"path":"C:\\Users\\DLLM\\Documents\\testCompleto\\react-native-criando-testes-para-sua-aplicacao\\src\\telas\\ListaLeiloes\\componentes\\Leilao.js","statementMap":{"0":{"start":{"line":11,"column":21},"end":{"line":11,"column":36}},"1":{"start":{"line":13,"column":2},"end":{"line":28,"column":4}},"2":{"start":{"line":15,"column":21},"end":{"line":15,"column":58}},"3":{"start":{"line":31,"column":16},"end":{"line":63,"column":2}}},"fnMap":{"0":{"name":"Leilao","decl":{"start":{"line":10,"column":24},"end":{"line":10,"column":30}},"loc":{"start":{"line":10,"column":71},"end":{"line":29,"column":1}},"line":10},"1":{"name":"(anonymous_1)","decl":{"start":{"line":15,"column":15},"end":{"line":15,"column":16}},"loc":{"start":{"line":15,"column":21},"end":{"line":15,"column":58}},"line":15}},"branchMap":{},"s":{"0":2,"1":2,"2":1,"3":4},"f":{"0":2,"1":1},"b":{},"_coverageSchema":"1a1c01bbd47fc00a2c39e90264f33305004495a9","hash":"f8210c7c1bbf5a203e6be6caf289087fd81a1cfb"}
}
